<?xml version="1.0" encoding="UTF-8"?>
<!-- Generated by org.testng.reporters.JUnitReportReporter -->
<testsuite hostname="IDEAPAD" failures="0" tests="1" name="com.TestProject.testScript.Basics12" time="22.251" errors="0" timestamp="2023-02-04T00:18:03 IST" skipped="0">
  <testcase classname="com.TestProject.testScript.Basics12" name="AB" time="22.251"/>
  <system-out/>
</testsuite> <!-- com.TestProject.testScript.Basics12 -->
