<?xml version="1.0" encoding="UTF-8"?>
<!-- Generated by org.testng.reporters.JUnitReportReporter -->
<testsuite hostname="IDEAPAD" failures="0" tests="2" name="com.TestProject.testScript.Basics11" time="21.678" errors="0" timestamp="2023-02-03T23:55:28 IST" skipped="0">
  <testcase classname="com.TestProject.testScript.Basics11" name="BC" time="16.036"/>
  <system-out/>
  <testcase classname="com.TestProject.testScript.Basics11" name="AB" time="5.642"/>
  <system-out/>
</testsuite> <!-- com.TestProject.testScript.Basics11 -->
